This is pdfTeX, Version 3.14159265-2.6-1.40.18 (TeX Live 2017/Debian) (preloaded format=pdflatex 2023.6.1)  24 JUL 2023 09:33
entering extended mode
 restricted \write18 enabled.
 %&-line parsing enabled.
**joining2.tex
(./joining2.tex
LaTeX2e <2017-04-15>
Babel <3.18> and hyphenation patterns for 5 language(s) loaded.
(/usr/share/texlive/texmf-dist/tex/latex/standalone/standalone.cls
Document Class: standalone 2015/07/15 v1.2 Class to compile TeX sub-files stand
alone
(/usr/share/texlive/texmf-dist/tex/generic/oberdiek/ifluatex.sty
Package: ifluatex 2016/05/16 v1.4 Provides the ifluatex switch (HO)
Package ifluatex Info: LuaTeX not detected.
)
(/usr/share/texlive/texmf-dist/tex/generic/oberdiek/ifpdf.sty
Package: ifpdf 2017/03/15 v3.2 Provides the ifpdf switch
)
(/usr/share/texlive/texmf-dist/tex/generic/ifxetex/ifxetex.sty
Package: ifxetex 2010/09/12 v0.6 Provides ifxetex conditional
)
(/usr/share/texlive/texmf-dist/tex/latex/xkeyval/xkeyval.sty
Package: xkeyval 2014/12/03 v2.7a package option processing (HA)

(/usr/share/texlive/texmf-dist/tex/generic/xkeyval/xkeyval.tex
(/usr/share/texlive/texmf-dist/tex/generic/xkeyval/xkvutils.tex
\XKV@toks=\toks14
\XKV@tempa@toks=\toks15

(/usr/share/texlive/texmf-dist/tex/generic/xkeyval/keyval.tex))
\XKV@depth=\count79
File: xkeyval.tex 2014/12/03 v2.7a key=value parser (HA)
))
\sa@internal=\count80
\c@sapage=\count81

(/usr/share/texlive/texmf-dist/tex/latex/standalone/standalone.cfg
File: standalone.cfg 2015/07/15 v1.2 Default configuration file for 'standalone
' class
)
(/usr/share/texlive/texmf-dist/tex/latex/base/article.cls
Document Class: article 2014/09/29 v1.4h Standard LaTeX document class
(/usr/share/texlive/texmf-dist/tex/latex/base/size10.clo
File: size10.clo 2014/09/29 v1.4h Standard LaTeX file (size option)
)
\c@part=\count82
\c@section=\count83
\c@subsection=\count84
\c@subsubsection=\count85
\c@paragraph=\count86
\c@subparagraph=\count87
\c@figure=\count88
\c@table=\count89
\abovecaptionskip=\skip41
\belowcaptionskip=\skip42
\bibindent=\dimen102
)
(/usr/share/texlive/texmf-dist/tex/latex/varwidth/varwidth.sty
Package: varwidth 2009/03/30 ver 0.92;  Variable-width minipages
\@vwid@box=\box26
\sift@deathcycles=\count90
\@vwid@loff=\dimen103
\@vwid@roff=\dimen104
)
\sa@box=\box27
)
(/usr/share/texlive/texmf-dist/tex/latex/caption/subcaption.sty
Package: subcaption 2016/05/22 v1.1-161 Sub-captions (AR)

(/usr/share/texlive/texmf-dist/tex/latex/caption/caption.sty
Package: caption 2016/02/21 v3.3-144 Customizing captions (AR)

(/usr/share/texlive/texmf-dist/tex/latex/caption/caption3.sty
Package: caption3 2016/05/22 v1.7-166 caption3 kernel (AR)
Package caption3 Info: TeX engine: e-TeX on input line 67.
\captionmargin=\dimen105
\captionmargin@=\dimen106
\captionwidth=\dimen107
\caption@tempdima=\dimen108
\caption@indent=\dimen109
\caption@parindent=\dimen110
\caption@hangindent=\dimen111
)
\c@ContinuedFloat=\count91
)
\c@subfigure=\count92
\c@subtable=\count93
)
(/usr/share/texlive/texmf-dist/tex/latex/graphics/graphicx.sty
Package: graphicx 2017/06/01 v1.1a Enhanced LaTeX Graphics (DPC,SPQR)

(/usr/share/texlive/texmf-dist/tex/latex/graphics/graphics.sty
Package: graphics 2017/06/25 v1.2c Standard LaTeX Graphics (DPC,SPQR)

(/usr/share/texlive/texmf-dist/tex/latex/graphics/trig.sty
Package: trig 2016/01/03 v1.10 sin cos tan (DPC)
)
(/usr/share/texlive/texmf-dist/tex/latex/graphics-cfg/graphics.cfg
File: graphics.cfg 2016/06/04 v1.11 sample graphics configuration
)
Package graphics Info: Driver file: pdftex.def on input line 99.

(/usr/share/texlive/texmf-dist/tex/latex/graphics-def/pdftex.def
File: pdftex.def 2018/01/08 v1.0l Graphics/color driver for pdftex
))
\Gin@req@height=\dimen112
\Gin@req@width=\dimen113
)
No file joining2.aux.
\openout1 = `joining2.aux'.

LaTeX Font Info:    Checking defaults for OML/cmm/m/it on input line 5.
LaTeX Font Info:    ... okay on input line 5.
LaTeX Font Info:    Checking defaults for T1/cmr/m/n on input line 5.
LaTeX Font Info:    ... okay on input line 5.
LaTeX Font Info:    Checking defaults for OT1/cmr/m/n on input line 5.
LaTeX Font Info:    ... okay on input line 5.
LaTeX Font Info:    Checking defaults for OMS/cmsy/m/n on input line 5.
LaTeX Font Info:    ... okay on input line 5.
LaTeX Font Info:    Checking defaults for OMX/cmex/m/n on input line 5.
LaTeX Font Info:    ... okay on input line 5.
LaTeX Font Info:    Checking defaults for U/cmr/m/n on input line 5.
LaTeX Font Info:    ... okay on input line 5.
Package caption Info: Begin \AtBeginDocument code.
Package caption Info: End \AtBeginDocument code.
(/usr/share/texlive/texmf-dist/tex/context/base/mkii/supp-pdf.mkii
[Loading MPS to PDF converter (version 2006.09.02).]
\scratchcounter=\count94
\scratchdimen=\dimen114
\scratchbox=\box28
\nofMPsegments=\count95
\nofMParguments=\count96
\everyMPshowfont=\toks16
\MPscratchCnt=\count97
\MPscratchDim=\dimen115
\MPnumerator=\count98
\makeMPintoPDFobject=\count99
\everyMPtoPDFconversion=\toks17
) (/usr/share/texlive/texmf-dist/tex/latex/oberdiek/epstopdf-base.sty
Package: epstopdf-base 2016/05/15 v2.6 Base part for package epstopdf

(/usr/share/texlive/texmf-dist/tex/generic/oberdiek/infwarerr.sty
Package: infwarerr 2016/05/16 v1.4 Providing info/warning/error messages (HO)
)
(/usr/share/texlive/texmf-dist/tex/latex/oberdiek/grfext.sty
Package: grfext 2016/05/16 v1.2 Manage graphics extensions (HO)

(/usr/share/texlive/texmf-dist/tex/generic/oberdiek/kvdefinekeys.sty
Package: kvdefinekeys 2016/05/16 v1.4 Define keys (HO)

(/usr/share/texlive/texmf-dist/tex/generic/oberdiek/ltxcmds.sty
Package: ltxcmds 2016/05/16 v1.23 LaTeX kernel commands for general use (HO)
)))
(/usr/share/texlive/texmf-dist/tex/latex/oberdiek/kvoptions.sty
Package: kvoptions 2016/05/16 v3.12 Key value format for package options (HO)

(/usr/share/texlive/texmf-dist/tex/generic/oberdiek/kvsetkeys.sty
Package: kvsetkeys 2016/05/16 v1.17 Key value parser (HO)

(/usr/share/texlive/texmf-dist/tex/generic/oberdiek/etexcmds.sty
Package: etexcmds 2016/05/16 v1.6 Avoid name clashes with e-TeX commands (HO)
Package etexcmds Info: Could not find \expanded.
(etexcmds)             That can mean that you are not using pdfTeX 1.50 or
(etexcmds)             that some package has redefined \expanded.
(etexcmds)             In the latter case, load this package earlier.
)))
(/usr/share/texlive/texmf-dist/tex/generic/oberdiek/pdftexcmds.sty
Package: pdftexcmds 2018/01/21 v0.26 Utility functions of pdfTeX for LuaTeX (HO
)
Package pdftexcmds Info: LuaTeX not detected.
Package pdftexcmds Info: \pdf@primitive is available.
Package pdftexcmds Info: \pdf@ifprimitive is available.
Package pdftexcmds Info: \pdfdraftmode found.
)
Package epstopdf-base Info: Redefining graphics rule for `.eps' on input line 4
38.
Package grfext Info: Graphics extension search list:
(grfext)             [.pdf,.png,.jpg,.mps,.jpeg,.jbig2,.jb2,.PDF,.PNG,.JPG,.JPE
G,.JBIG2,.JB2,.eps]
(grfext)             \AppendGraphicsExtensions on input line 456.

(/usr/share/texlive/texmf-dist/tex/latex/latexconfig/epstopdf-sys.cfg
File: epstopdf-sys.cfg 2010/07/13 v1.3 Configuration of (r)epstopdf for TeX Liv
e
))
<oommpmomppppm.pdf, id=1, 292.45561pt x 127.75429pt>
File: oommpmomppppm.pdf Graphic file (type pdf)
<use oommpmomppppm.pdf>
Package pdftex.def Info: oommpmomppppm.pdf  used on input line 8.
(pdftex.def)             Requested size: 142.26378pt x 62.14398pt.
LaTeX Font Info:    External font `cmex10' loaded for size
(Font)              <7> on input line 10.
LaTeX Font Info:    External font `cmex10' loaded for size
(Font)              <5> on input line 10.
<oommpmoopppmm.pdf, id=2, 292.45561pt x 127.75429pt>
File: oommpmoopppmm.pdf Graphic file (type pdf)
<use oommpmoopppmm.pdf>
Package pdftex.def Info: oommpmoopppmm.pdf  used on input line 12.
(pdftex.def)             Requested size: 142.26378pt x 62.14398pt.
<oommpmoopppom.pdf, id=3, 292.45561pt x 125.41956pt>
File: oommpmoopppom.pdf Graphic file (type pdf)
<use oommpmoopppom.pdf>
Package pdftex.def Info: oommpmoopppom.pdf  used on input line 16.
(pdftex.def)             Requested size: 142.26378pt x 61.00829pt.
<oommpmooppppm.pdf, id=4, 292.45561pt x 127.75429pt>
File: oommpmooppppm.pdf Graphic file (type pdf)
<use oommpmooppppm.pdf>
Package pdftex.def Info: oommpmooppppm.pdf  used on input line 20.
(pdftex.def)             Requested size: 142.26378pt x 62.14398pt.
<oommpmopommpp.pdf, id=5, 292.45561pt x 127.75429pt>
File: oommpmopommpp.pdf Graphic file (type pdf)
<use oommpmopommpp.pdf>
Package pdftex.def Info: oommpmopommpp.pdf  used on input line 24.
(pdftex.def)             Requested size: 142.26378pt x 62.14398pt.
<oommpmoppppom.pdf, id=6, 292.45561pt x 125.41956pt>
File: oommpmoppppom.pdf Graphic file (type pdf)
<use oommpmoppppom.pdf>
Package pdftex.def Info: oommpmoppppom.pdf  used on input line 28.
(pdftex.def)             Requested size: 142.26378pt x 61.00829pt.
<oommppmpmmppo.pdf, id=7, 292.45561pt x 127.75429pt>
File: oommppmpmmppo.pdf Graphic file (type pdf)
<use oommppmpmmppo.pdf>
Package pdftex.def Info: oommppmpmmppo.pdf  used on input line 32.
(pdftex.def)             Requested size: 142.26378pt x 62.14398pt.
<oommpppompmom.pdf, id=8, 292.45561pt x 127.75429pt>
File: oommpppompmom.pdf Graphic file (type pdf)
<use oommpppompmom.pdf>
Package pdftex.def Info: oommpppompmom.pdf  used on input line 36.
(pdftex.def)             Requested size: 142.26378pt x 62.14398pt.
<ooomppmpmmppo.pdf, id=9, 292.45561pt x 127.75429pt>
File: ooomppmpmmppo.pdf Graphic file (type pdf)
<use ooomppmpmmppo.pdf>
Package pdftex.def Info: ooomppmpmmppo.pdf  used on input line 40.
(pdftex.def)             Requested size: 142.26378pt x 62.14398pt.
<ooompppompmmm.pdf, id=10, 292.45561pt x 127.75429pt>
File: ooompppompmmm.pdf Graphic file (type pdf)
<use ooompppompmmm.pdf>
Package pdftex.def Info: ooompppompmmm.pdf  used on input line 44.
(pdftex.def)             Requested size: 142.26378pt x 62.14398pt.
<ooompppompmom.pdf, id=11, 292.45561pt x 127.75429pt>
File: ooompppompmom.pdf Graphic file (type pdf)
<use ooompppompmom.pdf>
Package pdftex.def Info: ooompppompmom.pdf  used on input line 48.
(pdftex.def)             Requested size: 142.26378pt x 62.14398pt.
<ooompppompmpm.pdf, id=12, 292.45561pt x 127.75429pt>
File: ooompppompmpm.pdf Graphic file (type pdf)
<use ooompppompmpm.pdf>
Package pdftex.def Info: ooompppompmpm.pdf  used on input line 52.
(pdftex.def)             Requested size: 142.26378pt x 62.14398pt.
<oopmppmpmmppo.pdf, id=13, 292.45561pt x 127.75429pt>
File: oopmppmpmmppo.pdf Graphic file (type pdf)
<use oopmppmpmmppo.pdf>
Package pdftex.def Info: oopmppmpmmppo.pdf  used on input line 56.
(pdftex.def)             Requested size: 142.26378pt x 62.14398pt.
<opmmpmoopppom.pdf, id=14, 292.45561pt x 125.41956pt>
File: opmmpmoopppom.pdf Graphic file (type pdf)
<use opmmpmoopppom.pdf>
Package pdftex.def Info: opmmpmoopppom.pdf  used on input line 60.
(pdftex.def)             Requested size: 142.26378pt x 61.00829pt.
<poompppompmom.pdf, id=15, 292.45561pt x 141.2748pt>
File: poompppompmom.pdf Graphic file (type pdf)
<use poompppompmom.pdf>
Package pdftex.def Info: poompppompmom.pdf  used on input line 64.
(pdftex.def)             Requested size: 142.26378pt x 68.72081pt.

Overfull \hbox (4.4444pt too wide) in paragraph at lines 7--67
[]$[]$ $[]$ $[]$
 []


Overfull \hbox (4.4444pt too wide) in paragraph at lines 7--67
[]$ $[]$ $[]$
 []


Overfull \hbox (4.4444pt too wide) in paragraph at lines 7--67
[]$ $[]$ $[]$
 []


Overfull \hbox (4.4444pt too wide) in paragraph at lines 7--67
[]$ $[]$ $[]$
 []


Overfull \hbox (4.4444pt too wide) in paragraph at lines 7--67
[]$ $[]$ $[]$ 
 []


Overfull \hbox (4.4444pt too wide) detected at line 68
[]$ $[]$ $[]$ 
 []


Overfull \hbox (4.4444pt too wide) detected at line 68
[]$ $[]$ $[]$
 []


Overfull \hbox (4.4444pt too wide) detected at line 68
[]$ $[]$ $[]$
 []


Overfull \hbox (4.4444pt too wide) detected at line 68
[]$ $[]$ $[]$
 []


Overfull \hbox (4.4444pt too wide) detected at line 68
[]$[]$ $[]$ $[]$
 []

[1

{/var/lib/texmf/fonts/map/pdftex/updmap/pdftex.map} <./oommpmomppppm.pdf> <./oo
mmpmoopppmm.pdf> <./oommpmoopppom.pdf> <./oommpmooppppm.pdf> <./oommpmopommpp.p
df> <./oommpmoppppom.pdf> <./oommppmpmmppo.pdf> <./oommpppompmom.pdf> <./ooompp
mpmmppo.pdf> <./ooompppompmmm.pdf> <./ooompppompmom.pdf> <./ooompppompmpm.pdf> 
<./oopmppmpmmppo.pdf> <./opmmpmoopppom.pdf> <./poompppompmom.pdf>]
(./joining2.aux) ) 
Here is how much of TeX's memory you used:
 3100 strings out of 494880
 51064 string characters out of 6179602
 102540 words of memory out of 5000000
 6401 multiletter control sequences out of 15000+600000
 3640 words of font info for 14 fonts, out of 8000000 for 9000
 36 hyphenation exceptions out of 8191
 59i,9n,94p,315b,498s stack positions out of 5000i,500n,10000p,200000b,80000s
</usr/share/texlive/texmf-dist/fonts/type1/public/amsfonts/cm
/cmmi10.pfb></usr/share/texlive/texmf-dist/fonts/type1/public/amsfonts/cm/cmr10
.pfb>
Output written on joining2.pdf (1 page, 43900 bytes).
PDF statistics:
 90 PDF objects out of 1000 (max. 8388607)
 69 compressed objects within 1 object stream
 0 named destinations out of 1000 (max. 500000)
 76 words of extra memory for PDF output out of 10000 (max. 10000000)

